  project_program.cpp
C:\Users\emad\Desktop\emad\project_program\project_program\father.h(5,1): error C2011: 'father': 'class' type redefinition
C:\Users\emad\Desktop\emad\project_program\project_program\father.h(4): message : see declaration of 'father'
C:\Users\emad\Desktop\emad\project_program\project_program\purchasing.h(5,1): error C2504: 'father': base class undefined
C:\Users\emad\Desktop\emad\project_program\project_program\project_program.cpp(114,11): error C2039: 'SetNameProject': is not a member of 'sales'
C:\Users\emad\Desktop\emad\project_program\project_program\sales.h(3): message : see declaration of 'sales'
C:\Users\emad\Desktop\emad\project_program\project_program\project_program.cpp(117,11): error C2039: 'SetProjectType': is not a member of 'sales'
C:\Users\emad\Desktop\emad\project_program\project_program\sales.h(3): message : see declaration of 'sales'
C:\Users\emad\Desktop\emad\project_program\project_program\project_program.cpp(125,14): error C2039: 'SetProjectNumber': is not a member of 'sales'
C:\Users\emad\Desktop\emad\project_program\project_program\sales.h(3): message : see declaration of 'sales'
C:\Users\emad\Desktop\emad\project_program\project_program\project_program.cpp(172,86): error C2039: 'GetNameProject': is not a member of 'sales'
C:\Users\emad\Desktop\emad\project_program\project_program\sales.h(3): message : see declaration of 'sales'
C:\Users\emad\Desktop\emad\project_program\project_program\project_program.cpp(173,87): error C2039: 'GetProjectType': is not a member of 'sales'
C:\Users\emad\Desktop\emad\project_program\project_program\sales.h(3): message : see declaration of 'sales'
C:\Users\emad\Desktop\emad\project_program\project_program\project_program.cpp(174,88): error C2039: 'GetProjectNumber': is not a member of 'sales'
C:\Users\emad\Desktop\emad\project_program\project_program\sales.h(3): message : see declaration of 'sales'
C:\Users\emad\Desktop\emad\project_program\project_program\project_program.cpp(184,12): error C2039: 'SetNameProject': is not a member of 'purchasing'
C:\Users\emad\Desktop\emad\project_program\project_program\purchasing.h(3): message : see declaration of 'purchasing'
C:\Users\emad\Desktop\emad\project_program\project_program\project_program.cpp(187,12): error C2039: 'SetProjectType': is not a member of 'purchasing'
C:\Users\emad\Desktop\emad\project_program\project_program\purchasing.h(3): message : see declaration of 'purchasing'
C:\Users\emad\Desktop\emad\project_program\project_program\project_program.cpp(195,15): error C2039: 'SetProjectNumber': is not a member of 'purchasing'
C:\Users\emad\Desktop\emad\project_program\project_program\purchasing.h(3): message : see declaration of 'purchasing'
C:\Users\emad\Desktop\emad\project_program\project_program\project_program.cpp(240,87): error C2039: 'GetNameProject': is not a member of 'purchasing'
C:\Users\emad\Desktop\emad\project_program\project_program\purchasing.h(3): message : see declaration of 'purchasing'
C:\Users\emad\Desktop\emad\project_program\project_program\project_program.cpp(241,88): error C2039: 'GetProjectType': is not a member of 'purchasing'
C:\Users\emad\Desktop\emad\project_program\project_program\purchasing.h(3): message : see declaration of 'purchasing'
C:\Users\emad\Desktop\emad\project_program\project_program\project_program.cpp(242,89): error C2039: 'GetProjectNumber': is not a member of 'purchasing'
C:\Users\emad\Desktop\emad\project_program\project_program\purchasing.h(3): message : see declaration of 'purchasing'
